http://inn.ctrip.com/inn/1411562.html|民宿_房间|inn.ctrip.com|携程|2018-12-17 15:56:48|多人间下铺|20|1张1.2米，上下铺||(一张床位)|多床|无早|免费|不可取消|40|1411562|#
http://inn.ctrip.com/inn/2696417.html|民宿_房间|inn.ctrip.com|携程|2018-12-17 15:56:15|普通女生太空舱|200|1张1.2米，上下铺||(钟点房)(09:00到18:00,连住4小时)|多床|无早|免费|限时取消|33|2696417|#
http://inn.ctrip.com/inn/2850246.html|民宿_房间|inn.ctrip.com|携程|2018-12-17 15:56:16|女生四人间(床位)|15|1张1米，单人床||(一张床位)(女生入住)|单人床|无早|无线免费|不可取消|40|2850246|#
http://inn.ctrip.com/inn/5893044.html|民宿_房间|inn.ctrip.com|携程|2018-12-17 15:56:13|单人间|20|1张1.8米，双人床||(无独立卫生间)|大床|无早|无线免费|不可取消|122|5893044|#
http://inn.ctrip.com/inn/1411562.html|民宿_房间|inn.ctrip.com|携程|2018-12-17 15:56:48|八人上铺房(床位)|20|4张1.2米，上下铺||(一张床位)(女生入住)|多床|无早|免费|不可取消|35|1411562|#
http://inn.ctrip.com/inn/2705755.html|民宿_房间|inn.ctrip.com|携程|2018-12-17 15:56:20|普通大床房|15|1张1.5米，双人床||标准价|大床|无早|无线免费|不可取消|88|2705755|#
http://inn.ctrip.com/inn/2379464.html|民宿_房间|inn.ctrip.com|携程|2018-12-17 15:56:14|单人间|10|2张1.2米，上下铺|true|标准价|多床|无早|无线免费|不可取消|57|2379464|#
http://inn.ctrip.com/inn/22418752.html|民宿_房间|inn.ctrip.com|携程|2018-12-17 15:56:15|九龙4人间(床位)(公共卫浴)|18|2张1.2米，上下铺|true|标准价|多床|无早|免费|不可取消|43|22418752|#
http://inn.ctrip.com/inn/22255835.html|民宿_房间|inn.ctrip.com|携程|2018-12-17 15:56:16|4人间(床位房)|20|2张1.2米，上下铺|true|标准价|多床|无早|免费|限时取消|40|22255835|#
http://inn.ctrip.com/inn/9075591.html|民宿_房间|inn.ctrip.com|携程|2018-12-17 15:56:20|特惠男生空调房||1张1米，上下铺||(男生入住)|多床|无早|免费|限时取消|24|9075591|#
http://inn.ctrip.com/inn/22255835.html|民宿_房间|inn.ctrip.com|携程|2018-12-17 15:56:16|6人间(床位房)|20|3张1.2米，上下铺|true|标准价|多床|无早|免费|限时取消|35|22255835|#
http://inn.ctrip.com/inn/6386761.html|民宿_房间|inn.ctrip.com|携程|2018-12-17 15:56:26|极速地暖沙发房(无窗)|50|||标准价||无早|免费|不可取消|36|6386761|#
http://inn.ctrip.com/inn/5981168.html|民宿_房间|inn.ctrip.com|携程|2018-12-17 15:56:25|女生四人床位间|30|2张1.2米，上下铺|true|标准价|多床|无早|无线免费|不可取消|42|5981168|#
http://inn.ctrip.com/inn/6386761.html|民宿_房间|inn.ctrip.com|携程|2018-12-17 15:56:26|阳光地暖女生床位房|35|1张单人床||(一张床位)(女生入住)|单人床|无早|免费|不可取消|55|6386761|#
http://inn.ctrip.com/inn/1744599.html|民宿_房间|inn.ctrip.com|携程|2018-12-17 15:56:38|舒适四人间(床位)|30|2张1.2米，上下铺||(一张床位)(男生入住)|多床|无早|免费|免费取消|59|1744599|#
http://inn.ctrip.com/inn/6386761.html|民宿_房间|inn.ctrip.com|携程|2018-12-17 15:56:26|特惠上铺床位房|50|1张单人床||(一张床位)|单人床|无早|免费|不可取消|40|6386761|#
http://inn.ctrip.com/inn/2696417.html|民宿_房间|inn.ctrip.com|携程|2018-12-17 15:56:15|豪华女生太空舱|35|||(女生入住)||无早|无线免费|限时取消|45|2696417|#
http://inn.ctrip.com/inn/4717251.html|民宿_房间|inn.ctrip.com|携程|2018-12-17 15:56:30|男生豪华横舱(床位房)|2.2|1张1.1米，单人床|true|标准价|单人床|无早|无线免费|限时取消|78|4717251|#
http://inn.ctrip.com/inn/18416003.html|民宿_房间|inn.ctrip.com|携程|2018-12-17 15:56:26|床位房(公共卫浴)|15|1张1.2米，上下铺|true|(男生入住)|多床|无早|无线免费|不可取消|30|18416003|#
http://inn.ctrip.com/inn/6386761.html|民宿_房间|inn.ctrip.com|携程|2018-12-17 15:56:26|经济床位房下铺(按床位)|20|1张上下铺||(一张床位)|多床|无早|无线免费|不可取消|45|6386761|#
http://inn.ctrip.com/inn/18416003.html|民宿_房间|inn.ctrip.com|携程|2018-12-17 15:56:26|单人间|10|1张1.5米，双人床|true|标准价|大床|无早|无线免费|不可取消|50|18416003|#
http://inn.ctrip.com/inn/6386761.html|民宿_房间|inn.ctrip.com|携程|2018-12-17 15:56:26|舒适地暖男生床位房|25|1张上下铺||(一张床位)(男生入住)|多床|无早|无线免费|不可取消|55|6386761|#
http://inn.ctrip.com/inn/5981168.html|民宿_房间|inn.ctrip.com|携程|2018-12-17 15:56:25|男生六人床位房|30|3张1.2米，上下铺||(一张床位)(男生入住)|多床|无早|无线免费|不可取消|35|5981168|#
http://inn.ctrip.com/inn/1744599.html|民宿_房间|inn.ctrip.com|携程|2018-12-17 15:56:38|特惠房(床位)|12|3张1.2米，上下铺||(一张床位)|多床|无早|免费|免费取消|47|1744599|#
http://inn.ctrip.com/inn/5651721.html|民宿_房间|inn.ctrip.com|携程|2018-12-17 15:56:13|特惠(床位)(无窗)|10|1张1米，上下铺||(3天内预订)(无窗)(一张床位)|多床|无早|部分收费|不可取消|35|5651721|#
http://inn.ctrip.com/inn/1411562.html|民宿_房间|inn.ctrip.com|携程|2018-12-17 15:56:48|沙发床|15|2张1.2米，沙发床||(一张床位)|多床|无早|无线免费|不可取消|30|1411562|#
http://inn.ctrip.com/inn/6386761.html|民宿_房间|inn.ctrip.com|携程|2018-12-17 15:56:26|经济生日房(按床位)|20|1张上下铺||(一张床位)(仅限生日当天预订)|多床|无早|无线免费|不可取消|18|6386761|#
http://inn.ctrip.com/inn/6386761.html|民宿_房间|inn.ctrip.com|携程|2018-12-17 15:56:26|特惠床位房|50|2张1米，上下铺|true|标准价|多床|无早|免费|限时取消|68|6386761|#
http://inn.ctrip.com/inn/25396121.html|民宿_房间|inn.ctrip.com|携程|2018-12-17 15:56:33|暗香四人间(床位)(公共卫浴)|15|1张1.1米，上下铺|true|(男生入住)|多床|无早|无线免费|免费取消|43|25396121|#
http://inn.ctrip.com/inn/9075591.html|民宿_房间|inn.ctrip.com|携程|2018-12-17 15:56:20|四人间(床位)|20|2张1.3米，上下铺|true|(男生入住)|多床|无早|免费|限时取消|30|9075591|#
http://inn.ctrip.com/inn/2379464.html|民宿_房间|inn.ctrip.com|携程|2018-12-17 15:56:14|特惠床位房|10|4张1米，上下铺||(一张床位)|多床|无早|免费|不可取消|16|2379464|#
http://inn.ctrip.com/inn/3106643.html|民宿_房间|inn.ctrip.com|携程|2018-12-17 15:56:13|横舱(公共卫浴)(床位)|2|1张1米，太空舱||标准价|单人床|无早|免费|不可取消|59|3106643|#
http://inn.ctrip.com/inn/3106643.html|民宿_房间|inn.ctrip.com|携程|2018-12-17 15:56:13|普通单间(公共卫浴)(无窗)|10|1张1.2米，单人床|true|标准价|单人床|无早|无线免费|不可取消|58|3106643|#
http://inn.ctrip.com/inn/2379457.html|民宿_房间|inn.ctrip.com|携程|2018-12-17 15:56:36|女生四人间(床位)|50|||(一张床位)(女生入住)||无早|免费|不可取消|29|2379457|#
http://inn.ctrip.com/inn/2850246.html|民宿_房间|inn.ctrip.com|携程|2018-12-17 15:56:16|女生四人豪华太空舱|25|||(女生入住)||无早|免费|限时取消|40|2850246|#
http://inn.ctrip.com/inn/22418752.html|民宿_房间|inn.ctrip.com|携程|2018-12-17 15:56:15|五福4人间(床位)(公共卫浴)|18|2张1.2米，上下铺|true|标准价|多床|无早|免费|不可取消|33|22418752|#
http://inn.ctrip.com/inn/1744599.html|民宿_房间|inn.ctrip.com|携程|2018-12-17 15:56:38|阳光温馨六人床位间|12|3张1.2米，上下铺||(一张床位)|多床|无早|免费|免费取消|53|1744599|#
http://inn.ctrip.com/inn/21785695.html|民宿_房间|inn.ctrip.com|携程|2018-12-17 15:56:17|特享床位房|15|1张1.3米，上下铺|true|标准价|多床|无早|无线免费|限时取消|30|21785695|#
http://inn.ctrip.com/inn/2850246.html|民宿_房间|inn.ctrip.com|携程|2018-12-17 15:56:16|男生六人间(床位)|16|3张1米，上下铺||(一张床位)(男生入住)|多床|无早|无线免费|不可取消|35|2850246|#
http://inn.ctrip.com/inn/2379464.html|民宿_房间|inn.ctrip.com|携程|2018-12-17 15:56:14|女生间(床位)|10|2张1米，上下铺||(一张床位)(女生入住)(无独立卫生间)|多床|无早|无线免费|不可取消|18|2379464|#
http://inn.ctrip.com/inn/1411562.html|民宿_房间|inn.ctrip.com|携程|2018-12-17 15:56:48|多人间上铺|15|1张1.2米，上下铺||(一张床位)|多床|无早|免费|不可取消|35|1411562|#
http://inn.ctrip.com/inn/1590168.html|民宿_房间|inn.ctrip.com|携程|2018-12-17 15:56:24|女生四人间(床位房)|15|2张1米，上下铺||(4天内预订)(一张床位)(女生入住)|多床|无早|免费|不可取消|210|1590168|#
http://inn.ctrip.com/inn/2379464.html|民宿_房间|inn.ctrip.com|携程|2018-12-17 15:56:14|六人间(床位房)|10|3张1.2米，上下铺||(一张床位)(女生入住)|多床|无早|无线免费|不可取消|30|2379464|#
http://inn.ctrip.com/inn/2696417.html|民宿_房间|inn.ctrip.com|携程|2018-12-17 15:56:15|豪华男生太空舱|200|1张1.2米，上下铺||(男生入住)|多床|无早|免费|限时取消|50|2696417|#
http://inn.ctrip.com/inn/1590168.html|民宿_房间|inn.ctrip.com|携程|2018-12-17 15:56:24|女生八人间(床位房)|35|4张1米，上下铺||(4天内预订)(一张床位)(女生入住)|多床|无早|免费|不可取消|206|1590168|#
http://inn.ctrip.com/inn/2850246.html|民宿_房间|inn.ctrip.com|携程|2018-12-17 15:56:16|男生四人间|25|1张1米，上下铺||(男生入住)|多床|无早|免费|不可取消|42|2850246|#
http://inn.ctrip.com/inn/1590168.html|民宿_房间|inn.ctrip.com|携程|2018-12-17 15:56:24|四人间|10|1张上下铺||(无独立卫生间)|多床|无早|无线免费|不可取消|210|1590168|#
http://inn.ctrip.com/inn/22418752.html|民宿_房间|inn.ctrip.com|携程|2018-12-17 15:56:15|八仙6人间(床位)(公共卫浴)|18|3张1.2米，上下铺|true|标准价|多床|无早|免费|不可取消|43|22418752|#
http://inn.ctrip.com/inn/8918598.html|民宿_房间|inn.ctrip.com|携程|2018-12-17 15:56:16|精美大床+空调|20|1张1.5米，双人床||(无独立卫生间)|大床|无早|无线免费|不可取消|58|8918598|#
http://inn.ctrip.com/inn/5981168.html|民宿_房间|inn.ctrip.com|携程|2018-12-17 15:56:25|男生四人床位间|30|2张1.2米，上下铺|true|(无空调)|多床|无早|无线免费|限时取消|33|5981168|#
http://inn.ctrip.com/inn/2379464.html|民宿_房间|inn.ctrip.com|携程|2018-12-17 15:56:14|男生床位房|8|3张1.2米，上下铺||(一张床位)(男生入住)(无独立卫生间)|多床|无早|免费|不可取消|18|2379464|#
http://inn.ctrip.com/inn/25396121.html|民宿_房间|inn.ctrip.com|携程|2018-12-17 15:56:33|步月四人间(床位)(公共卫浴)|15|2张1.1米，上下铺|true|(女生入住)|多床|无早|无线免费|免费取消|42|25396121|#
http://inn.ctrip.com/inn/3106643.html|民宿_房间|inn.ctrip.com|携程|2018-12-17 15:56:13|豪华大床房|16|1张1.8米，大床|true|(钟点房)(09:00到18:00,连住4小时)|大床|无早|无线免费|限时取消|40|3106643|#
http://inn.ctrip.com/inn/1368191.html|民宿_房间|inn.ctrip.com|携程|2018-12-17 15:56:14|普通大床(公卫)|20|1张1.5米，双人床||(无独立卫生间)|大床|无早|无线免费|不可取消|59|1368191|#
http://inn.ctrip.com/inn/2850246.html|民宿_房间|inn.ctrip.com|携程|2018-12-17 15:56:16|闺蜜情侣太空舱|25|||标准价||无早|免费|限时取消|59|2850246|#
http://inn.ctrip.com/inn/3106643.html|民宿_房间|inn.ctrip.com|携程|2018-12-17 15:56:13|竖舱(公共卫浴)(床位)|2|1张1米，太空舱||(无窗)|单人床|无早|免费|不可取消|49|3106643|#
http://inn.ctrip.com/inn/1590168.html|民宿_房间|inn.ctrip.com|携程|2018-12-17 15:56:24|六人间|10|1张上下铺||(无独立卫生间)|多床|无早|无线免费|不可取消|210|1590168|#
http://inn.ctrip.com/inn/4846055.html|民宿_房间|inn.ctrip.com|携程|2018-12-17 15:56:33|特惠单人间|15|1张1.2米，单人床|true|标准价|单人床|无早|免费|限时取消|68|4846055|#
http://inn.ctrip.com/inn/4846055.html|民宿_房间|inn.ctrip.com|携程|2018-12-17 15:56:33|情侣圆床房|20|1张2米，圆床||标准价|大床|无早|部分免费|不可取消|116|4846055|#
http://inn.ctrip.com/inn/14557218.html|民宿_房间|inn.ctrip.com|携程|2018-12-17 15:56:14|阳光三室一厅|450|3张1.5米，榻榻米和1张1.8米，双人床和6张炕||标准价(0.5小时内确认订单)代理|多床|无早|无线免费|不可取消|888|14557218|#
http://inn.ctrip.com/inn/2850246.html|民宿_房间|inn.ctrip.com|携程|2018-12-17 15:56:16|女生六人间|25|6张上下铺||标准价|多床|单早|免费|免费取消|35|2850246|#
http://inn.ctrip.com/inn/5981168.html|民宿_房间|inn.ctrip.com|携程|2018-12-17 15:56:25|男生特惠床位房|15|4张1米，上下铺|true|标准价|多床|无早|免费|不可取消|28|5981168|#
http://inn.ctrip.com/inn/6214049.html|民宿_房间|inn.ctrip.com|携程|2018-12-17 15:56:34|混住8人太空舱|35|2张1.2米，上下铺||标准价|多床|无早|免费|不可取消|39|6214049|#
http://inn.ctrip.com/inn/6214049.html|民宿_房间|inn.ctrip.com|携程|2018-12-17 15:56:34|白兰地豪华女神6人床位间|35|2张1.2米，上下铺||(一张床位)(女生入住)|多床|无早|免费|不可取消|29|6214049|#
http://inn.ctrip.com/inn/2379457.html|民宿_房间|inn.ctrip.com|携程|2018-12-17 15:56:36|男生六人间(床位房)|30|3张1米，上下铺||(一张床位)(男生入住)|多床|无早|无线免费|不可取消|36|2379457|#
http://inn.ctrip.com/inn/5893044.html|民宿_房间|inn.ctrip.com|携程|2018-12-17 15:56:13|双人间|20|2张1.2米，单人床||(无独立卫生间)|双床|无早|无线免费|不可取消|146|5893044|#
http://inn.ctrip.com/inn/6214049.html|民宿_房间|inn.ctrip.com|携程|2018-12-17 15:56:34|龙舌兰豪华男神6人床位间|35|2张1.2米，上下铺||(一张床位)(男生入住)|多床|无早|免费|不可取消|34|6214049|#
http://inn.ctrip.com/inn/6386761.html|民宿_房间|inn.ctrip.com|携程|2018-12-17 15:56:26|极速空调沙发房|50|1张1米，沙发床||标准价|多床|无早|无线免费|不可取消|35|6386761|#
http://inn.ctrip.com/inn/8918598.html|民宿_房间|inn.ctrip.com|携程|2018-12-17 15:56:16|浪漫大床+空调淋浴独卫|40|1张1.5米，双人床||标准价|大床|无早|无线免费|不可取消|89|8918598|#
http://inn.ctrip.com/inn/2696417.html|民宿_房间|inn.ctrip.com|携程|2018-12-17 15:56:15|普通男生太空舱|25|1张1.2米，单人床||(钟点房)(09:00到18:00,连住4小时)|单人床|无早|免费|限时取消|33|2696417|#
http://inn.ctrip.com/inn/3246986.html|民宿_房间|inn.ctrip.com|携程|2018-12-17 15:56:26|豪华大床房|25|1张1.5米，双人床||标准价|大床|无早|免费|不可取消|88|3246986|#
http://inn.ctrip.com/inn/1590168.html|民宿_房间|inn.ctrip.com|携程|2018-12-17 15:56:24|男生六人间(床位房)|25|3张1米，上下铺||(4天内预订)(一张床位)(男生入住)|多床|无早|免费|不可取消|210|1590168|#
http://inn.ctrip.com/inn/1590168.html|民宿_房间|inn.ctrip.com|携程|2018-12-17 15:56:24|男生八人间(床位房)|35|4张1米，上下铺||(4天内预订)(一张床位)(男生入住)|多床|无早|免费|不可取消|206|1590168|#
http://inn.ctrip.com/inn/1368191.html|民宿_房间|inn.ctrip.com|携程|2018-12-17 15:56:14|普通双人间(公卫)|20|2张1.2米，单人床||(无独立卫生间)|双床|无早|无线免费|不可取消|65|1368191|#
http://inn.ctrip.com/inn/6214049.html|民宿_房间|inn.ctrip.com|携程|2018-12-17 15:56:34|宇宙豪华横舱混住8人床位间|30|2张1.2米，上下铺||(一张床位)|多床|无早|免费|不可取消|34|6214049|#
http://inn.ctrip.com/inn/1590168.html|民宿_房间|inn.ctrip.com|携程|2018-12-17 15:56:24|男生四人间(床位房)|15|2张1米，上下铺||(4天内预订)(一张床位)(男生入住)|多床|无早|免费|不可取消|206|1590168|#
http://inn.ctrip.com/inn/2696417.html|民宿_房间|inn.ctrip.com|携程|2018-12-17 15:56:15|双人间|30|1张1.2米，上下铺|true|标准价|多床|无早|免费|限时取消|78|2696417|#
http://inn.ctrip.com/inn/9075591.html|民宿_房间|inn.ctrip.com|携程|2018-12-17 15:56:20|温馨房(床位)|2|1张1.2米，单人床|true|(女生入住)|多床|无早|无线免费|限时取消|25|9075591|#
http://inn.ctrip.com/inn/1411562.html|民宿_房间|inn.ctrip.com|携程|2018-12-17 15:56:48|女生八人下铺间|15|4张1.2米，上下铺||(一张床位)(女生入住)|多床|无早|免费|不可取消|40|1411562|#
http://inn.ctrip.com/inn/1744599.html|民宿_房间|inn.ctrip.com|携程|2018-12-17 15:56:38|舒适暖气女生四人床位间|30|2张1.2米，上下铺||(一张床位)(女生入住)|多床|无早|免费|免费取消|59|1744599|#
http://inn.ctrip.com/inn/2705755.html|民宿_房间|inn.ctrip.com|携程|2018-12-17 15:56:20|男生床位房|25|1张1米，上下铺||(一张床位)(男生入住)|多床|无早|无线免费|不可取消|36|2705755|#
http://inn.ctrip.com/inn/3246986.html|民宿_房间|inn.ctrip.com|携程|2018-12-17 15:56:26|阳光大床房|15|1张1.5米，双人床||(钟点房)(09:00到18:00,连住4小时)|大床|无早|免费|不可取消|30|3246986|#
http://inn.ctrip.com/inn/5981168.html|民宿_房间|inn.ctrip.com|携程|2018-12-17 15:56:25|男生八人床位房|30|4张1.2米，上下铺|true|(一张床位)(男生入住)|多床|无早|无线免费|限时取消|32|5981168|#
http://inn.ctrip.com/inn/1411562.html|民宿_房间|inn.ctrip.com|携程|2018-12-17 15:56:48|六人下铺间(床位)|15|3张1.2米，上下铺|true|(女生入住)|多床|无早|免费|限时取消|45|1411562|#
http://inn.ctrip.com/inn/3246986.html|民宿_房间|inn.ctrip.com|携程|2018-12-17 15:56:26|经济大床房|12|1张1.5米，双人床||标准价|大床|无早|无线免费|不可取消|50|3246986|#
http://inn.ctrip.com/inn/4382397.html|民宿_房间|inn.ctrip.com|携程|2018-12-17 15:56:13|标准双床间|15|1张1.8米，大床|true|(钟点房)(09:00到18:00,连住3小时)|大床|无早|免费|限时取消|31|4382397|#
http://inn.ctrip.com/inn/2705755.html|民宿_房间|inn.ctrip.com|携程|2018-12-17 15:56:20|女生六人间(床位)|10|3张1.2米，上下铺||(一张床位)(女生入住)|多床|无早|免费|不可取消|30|2705755|#
http://inn.ctrip.com/inn/9075591.html|民宿_房间|inn.ctrip.com|携程|2018-12-17 15:56:20|六人间(床位)|20|3张1.2米，上下铺|true|(男生入住)|多床|无早|免费|限时取消|29|9075591|#
http://inn.ctrip.com/inn/1411562.html|民宿_房间|inn.ctrip.com|携程|2018-12-17 15:56:48|六人上铺间(床位)|15|3张1.2米，上下铺|true|(一张床位)(男生入住)|多床|无早|免费|不可取消|40|1411562|#
http://inn.ctrip.com/inn/4717251.html|民宿_房间|inn.ctrip.com|携程|2018-12-17 15:56:30|双人标间|18|2张1.2米，单人床||(无独立卫生间)|双床|无早|无线免费|不可取消|108|4717251|#
http://inn.ctrip.com/inn/4846055.html|民宿_房间|inn.ctrip.com|携程|2018-12-17 15:56:33|普通大床房|15|1张1.5米，双人床||(钟点房)(08:00到18:00,连住4小时)|大床|无早|部分免费|限时取消|58|4846055|#
http://inn.ctrip.com/inn/22418752.html|民宿_房间|inn.ctrip.com|携程|2018-12-17 15:56:15|六顺4人间(床位)(公共卫浴)|18|2张1.2米，上下铺|true|标准价|多床|无早|免费|不可取消|43|22418752|#
http://inn.ctrip.com/inn/25396121.html|民宿_房间|inn.ctrip.com|携程|2018-12-17 15:56:33|三台六人间(床位)(公共卫浴)|15|3张1.1米，上下铺|true|(男生入住)|多床|无早|无线免费|不可取消|36|25396121|#
http://inn.ctrip.com/inn/6386761.html|民宿_房间|inn.ctrip.com|携程|2018-12-17 15:56:26|温馨地暖单人间|20|1张单人床||标准价|单人床|无早|免费|不可取消|90|6386761|#
http://inn.ctrip.com/inn/4717251.html|民宿_房间|inn.ctrip.com|携程|2018-12-17 15:56:30|温馨大床房|18|1张1.8米，双人床||标准价|大床|无早|免费|不可取消|108|4717251|#
http://inn.ctrip.com/inn/2379457.html|民宿_房间|inn.ctrip.com|携程|2018-12-17 15:56:36|女生八人间(床位房)|30|4张1米，上下铺||(一张床位)(女生入住)|多床|无早|无线免费|不可取消|36|2379457|#
http://inn.ctrip.com/inn/10826461.html|民宿_房间|inn.ctrip.com|携程|2018-12-17 15:56:35|床位房|38|1张1.3米，上下铺|true|标准价|多床|无早|无线免费|限时取消|26|10826461|#
http://inn.ctrip.com/inn/2696417.html|民宿_房间|inn.ctrip.com|携程|2018-12-17 15:56:15|木质男生床位房|25|2张1.2米，上下铺||(一张床位)(男生入住)|多床|无早|无线免费|限时取消|30|2696417|#
http://inn.ctrip.com/inn/4717251.html|民宿_房间|inn.ctrip.com|携程|2018-12-17 15:56:30|标准间|18|2张1.2米，单人床|true|标准价|双床|无早|无线免费|限时取消|108|4717251|#
http://inn.ctrip.com/inn/4717251.html|民宿_房间|inn.ctrip.com|携程|2018-12-17 15:56:30|女生竖舱(床位房)|2.2|1张1.1米，单人床|true|标准价|单人床|无早|无线免费|限时取消|68|4717251|#
http://inn.ctrip.com/inn/2696417.html|民宿_房间|inn.ctrip.com|携程|2018-12-17 15:56:15|特惠木质床位女生间|25|2张1.2米，上下铺||(一张床位)(女生入住)|多床|无早|部分免费|限时取消|33|2696417|#
http://inn.ctrip.com/inn/22418752.html|民宿_房间|inn.ctrip.com|携程|2018-12-17 15:56:15|七星单人间(公共卫浴)|15|1张1.2米，单人床|true|标准价|单人床|无早|免费|不可取消|56|22418752|#
http://inn.ctrip.com/inn/4846055.html|民宿_房间|inn.ctrip.com|携程|2018-12-17 15:56:33|大床房|20|1张1.8米，大床||标准价|大床|无早|部分免费|不可取消|97|4846055|#
http://inn.ctrip.com/inn/22255835.html|民宿_房间|inn.ctrip.com|携程|2018-12-17 15:56:16|2人间(床位房)|20|1张1.2米，上下铺|true|标准价|多床|无早|免费|限时取消|30|22255835|#
http://inn.ctrip.com/inn/4382397.html|民宿_房间|inn.ctrip.com|携程|2018-12-17 15:56:13|单人大床房|15|1张1.5米，双人床|true|标准价|大床|无早|免费|限时取消|49|4382397|#
http://inn.ctrip.com/inn/4717251.html|民宿_房间|inn.ctrip.com|携程|2018-12-17 15:56:30|豪华大床房|18|1张1.8米，双人床||标准价|大床|无早|免费|不可取消|138|4717251|#
http://inn.ctrip.com/inn/18416003.html|民宿_房间|inn.ctrip.com|携程|2018-12-17 15:56:26|特惠床位房(公共卫浴)|15|1张1.2米，上下铺|true|标准价|多床|无早|无线免费|不可取消|30|18416003|#
http://inn.ctrip.com/inn/2379457.html|民宿_房间|inn.ctrip.com|携程|2018-12-17 15:56:36|女生六人间(床位房)|30|3张1米，上下铺||(一张床位)(女生入住)|多床|无早|无线免费|不可取消|26|2379457|#
http://inn.ctrip.com/inn/2379457.html|民宿_房间|inn.ctrip.com|携程|2018-12-17 15:56:36|男生八人间(床位房)|30|4张1米，上下铺||(一张床位)(男生入住)|多床|无早|无线免费|不可取消|36|2379457|#
http://inn.ctrip.com/inn/25396121.html|民宿_房间|inn.ctrip.com|携程|2018-12-17 15:56:33|催雪六人间(床位)|25|3张1.1米，上下铺|true|(女生入住)|多床|无早|无线免费|免费取消|42|25396121|#
http://inn.ctrip.com/inn/23943863.html|民宿_房间|inn.ctrip.com|携程|2018-12-17 15:56:15|四人间(床位房)|20|2张1.2米，上下铺|true|(男生入住)|多床|无早|免费|不可取消|30|23943863|#
http://inn.ctrip.com/inn/5981168.html|民宿_房间|inn.ctrip.com|携程|2018-12-17 15:56:25|女生八人床位房|30|4张1.2米，上下铺|true|(一张床位)(女生入住)|多床|无早|无线免费|限时取消|32|5981168|#
http://inn.ctrip.com/inn/2379457.html|民宿_房间|inn.ctrip.com|携程|2018-12-17 15:56:36|七人间(床位)|20|1张1.2米，上下铺||(一张床位)|多床|无早|无线免费|不可取消|20|2379457|#
http://inn.ctrip.com/inn/6214049.html|民宿_房间|inn.ctrip.com|携程|2018-12-17 15:56:34|芝华士豪华男神8人床位间|35|2张1.2米，上下铺||(一张床位)(男生入住)|多床|无早|免费|不可取消|30|6214049|#
http://inn.ctrip.com/inn/2850246.html|民宿_房间|inn.ctrip.com|携程|2018-12-17 15:56:16|男生六人豪华太空舱|25|||标准价||无早|免费|免费取消|59|2850246|#
http://inn.ctrip.com/inn/8918598.html|民宿_房间|inn.ctrip.com|携程|2018-12-17 15:56:16|时尚大床+空调淋浴|30|1张1.5米，双人床||(无独立卫生间)|大床|无早|无线免费|不可取消|66|8918598|#
http://inn.ctrip.com/inn/3106643.html|民宿_房间|inn.ctrip.com|携程|2018-12-17 15:56:13|大床房(公共卫浴)|12|1张1.5米，双人床|true|标准价|大床|无早|无线免费|不可取消|99|3106643|#
http://inn.ctrip.com/inn/1590168.html|民宿_房间|inn.ctrip.com|携程|2018-12-17 15:56:24|女生六人间(床位房)|25|3张1米，上下铺||(4天内预订)(一张床位)(女生入住)|多床|无早|免费|不可取消|210|1590168|#
http://inn.ctrip.com/inn/4717251.html|民宿_房间|inn.ctrip.com|携程|2018-12-17 15:56:30|家庭房|18|1张1.5米，双人床和1张1.2米，单人床|true|标准价|多床|无早|无线免费|限时取消|128|4717251|#
http://inn.ctrip.com/inn/6386761.html|民宿_房间|inn.ctrip.com|携程|2018-12-17 15:56:26|特惠下铺床位房|50|1张单人床||(一张床位)|单人床|无早|免费|不可取消|46|6386761|#
http://inn.ctrip.com/inn/3106643.html|民宿_房间|inn.ctrip.com|携程|2018-12-17 15:56:13|豪华单间(公共卫浴)|12|1张1.2米，单人床|true|标准价|单人床|无早|无线免费|不可取消|77|3106643|#
http://inn.ctrip.com/inn/2705755.html|民宿_房间|inn.ctrip.com|携程|2018-12-17 15:56:20|温馨大床房|16|1张1.5米，双人床||标准价|大床|无早|无线免费|不可取消|79|2705755|#
http://inn.ctrip.com/inn/2705755.html|民宿_房间|inn.ctrip.com|携程|2018-12-17 15:56:20|特惠床位房|15|1张1.5米，双人床||(一张床位)|大床|无早|免费|不可取消|30|2705755|#
http://inn.ctrip.com/inn/22255835.html|民宿_房间|inn.ctrip.com|携程|2018-12-17 15:56:16|单间|20|1张1.5米，双人床|true|标准价|大床|无早|免费|限时取消|60|22255835|#
http://inn.ctrip.com/inn/4846055.html|民宿_房间|inn.ctrip.com|携程|2018-12-17 15:56:33|标准双床房|15|2张1.2米，单人床||标准价|双床|无早|部分免费|不可取消|108|4846055|#
http://inn.ctrip.com/inn/21785695.html|民宿_房间|inn.ctrip.com|携程|2018-12-17 15:56:17|温馨6人间(床位)|30|3张1.2米，上下铺|true|(女生入住)|多床|无早|无线免费|不可取消|30|21785695|#
http://inn.ctrip.com/inn/22255835.html|民宿_房间|inn.ctrip.com|携程|2018-12-17 15:56:16|8人间(床位房)|20|4张1.2米，上下铺|true|(男生入住)|多床|无早|免费|限时取消|30|22255835|#
http://inn.ctrip.com/inn/6214049.html|民宿_房间|inn.ctrip.com|携程|2018-12-17 15:56:34|轩诗尼豪华女神6人床位间|35|2张1.2米，上下铺||(一张床位)(女生入住)|多床|无早|免费|不可取消|34|6214049|#
